xrun: 23.09-s001: (c) Copyright 1995-2023 Cadence Design Systems, Inc.
TOOL:	xrun	23.09-s001: Started on Nov 03, 2025 at 23:21:52 EST
xrun
	-Q
	-unbuffered
	-timescale 1ns/1ns
	-sysv
	-access +rw
	-uvmnocdnsextra
	-uvmhome /xcelium23.09/tools//methodology/UVM/CDNS-1.2/sv
	/xcelium23.09/tools//methodology/UVM/CDNS-1.2/sv/src/uvm_macros.svh
	design.sv
	testbench.sv
      `uvm_info("PHASE", "Hello UVM World — Simulation Running!", UVM_LOW)
                                          |
xmvlog: *W,NONPRT (testbench.sv,23|42): non-printable character (0xe2) ignored.
      `uvm_info("PHASE", "Hello UVM World — Simulation Running!", UVM_LOW)
                                           |
xmvlog: *W,NONPRT (testbench.sv,23|43): non-printable character (0x80) ignored.
      `uvm_info("PHASE", "Hello UVM World — Simulation Running!", UVM_LOW)
                                            |
xmvlog: *W,NONPRT (testbench.sv,23|44): non-printable character (0x94) ignored.
	Top level design units:
		uvm_pkg
		$unit_0x4ccdf83b
		top
Loading snapshot worklib.top:sv .................... Done
SVSEED default: 1
xcelium> source /xcelium23.09/tools/xcelium/files/xmsimrc
xcelium> source /xcelium23.09/tools//methodology/UVM/CDNS-1.2/sv/files/tcl/uvm_sim.tcl
xcelium> run
UVM_INFO /xcelium23.09/tools/methodology/UVM/CDNS-1.2/sv/src/base/uvm_root.svh(412) @ 0: reporter [UVM/RELNOTES] 
----------------------------------------------------------------
CDNS-UVM-1.2 (23.09-s001)
(C) 2007-2014 Mentor Graphics Corporation
(C) 2007-2014 Cadence Design Systems, Inc.
(C) 2006-2014 Synopsys, Inc.
(C) 2011-2013 Cypress Semiconductor Corp.
(C) 2013-2014 NVIDIA Corporation
----------------------------------------------------------------

  ***********       IMPORTANT RELEASE NOTES         ************

  You are using a version of the UVM library that has been compiled
  with `UVM_NO_DEPRECATED undefined.
  See http://www.eda.org/svdb/view.php?id=3313 for more details.

  You are using a version of the UVM library that has been compiled
  with `UVM_OBJECT_DO_NOT_NEED_CONSTRUCTOR undefined.
  See http://www.eda.org/svdb/view.php?id=3770 for more details.

      (Specify +UVM_NO_RELNOTES to turn off this notice)

UVM_INFO @ 0: reporter [RNTST] Running test hello_test...
UVM_INFO testbench.sv(12) @ 0: uvm_test_top [PHASE] >>> build_phase
UVM_INFO testbench.sv(16) @ 0: uvm_test_top [PHASE] >>> connect_phase
UVM_INFO testbench.sv(21) @ 0: uvm_test_top [PHASE] >>> run_phase start
UVM_INFO testbench.sv(23) @ 50: uvm_test_top [PHASE] Hello UVM World  Simulation Running!
UVM_ERROR testbench.sv(25) @ 100: uvm_test_top [REPORT] This is a sample error message for demo
UVM_INFO testbench.sv(27) @ 100: uvm_test_top [PHASE] >>> run_phase end
UVM_INFO /xcelium23.09/tools/methodology/UVM/CDNS-1.2/sv/src/base/uvm_objection.svh(1271) @ 100: reporter [TEST_DONE] 'run' phase is ready to proceed to the 'extract' phase
UVM_INFO /xcelium23.09/tools/methodology/UVM/CDNS-1.2/sv/src/base/uvm_report_server.svh(847) @ 100: reporter [UVM/REPORT/SERVER] 
--- UVM Report Summary ---

** Report counts by severity
UVM_INFO :    8
UVM_WARNING :    0
UVM_ERROR :    1
UVM_FATAL :    0
** Report counts by id
[PHASE]     5
[REPORT]     1
[RNTST]     1
[TEST_DONE]     1
[UVM/RELNOTES]     1

Simulation complete via $finish(1) at time 100 NS + 58
/xcelium23.09/tools/methodology/UVM/CDNS-1.2/sv/src/base/uvm_root.svh:543     $finish;
xcelium> exit
TOOL:	xrun	23.09-s001: Exiting on Nov 03, 2025 at 23:22:00 EST  (total: 00:00:08)
